<?xml version="1.0" encoding="UTF-8"?>
<!-- Generated by org.testng.reporters.JUnitReportReporter -->
<testsuite skipped="0" hostname="DESKTOP-1AOJSSB" name="FooterNavigationTest" tests="1" failures="0" timestamp="12 Aug 2019 12:56:02 GMT" time="31.189" errors="0">
  <testcase name="ourPartnersTest" time="31.189" classname="FooterNavigationTest"/>
</testsuite> <!-- FooterNavigationTest -->
