<?xml version="1.0" encoding="UTF-8"?>
<!-- Generated by org.testng.reporters.JUnitReportReporter -->
<testsuite skipped="0" hostname="DESKTOP-1AOJSSB" name="BlogsAndOffersNavigationTest" tests="1" failures="0" timestamp="11 Aug 2019 07:12:43 GMT" time="45.251" errors="0">
  <testcase name="offersNavigationTest" time="45.251" classname="BlogsAndOffersNavigationTest"/>
</testsuite> <!-- BlogsAndOffersNavigationTest -->
