<?xml version="1.0" encoding="UTF-8"?>
<!-- Generated by org.testng.reporters.JUnitReportReporter -->
<testsuite skipped="0" hostname="DESKTOP-1AOJSSB" name="FeaturedToursAndCarsBookingTest" tests="1" failures="0" timestamp="18 Aug 2019 10:21:41 GMT" time="49.983" errors="0">
  <testcase name="successfulFeaturedTourBookingTest" time="49.983" classname="FeaturedToursAndCarsBookingTest"/>
</testsuite> <!-- FeaturedToursAndCarsBookingTest -->
