<?xml version="1.0" encoding="UTF-8"?>
<!-- Generated by org.testng.reporters.JUnitReportReporter -->
<testsuite skipped="0" hostname="DESKTOP-1AOJSSB" name="TourBookingTest" tests="2" failures="0" timestamp="17 Aug 2019 15:30:18 GMT" time="130.768" errors="0">
  <testcase name="successfulTourBookingTest" time="75.812" classname="TourBookingTest"/>
  <testcase name="unsuccessfulTourBookingTest" time="54.956" classname="TourBookingTest"/>
</testsuite> <!-- TourBookingTest -->
