<?xml version="1.0" encoding="UTF-8"?>
<!-- Generated by org.testng.reporters.JUnitReportReporter -->
<testsuite skipped="0" hostname="DESKTOP-1AOJSSB" name="CarBookingTest" tests="1" failures="0" timestamp="12 Aug 2019 18:22:50 GMT" time="73.811" errors="0">
  <testcase name="successfulCarsBookingTest" time="73.811" classname="CarBookingTest"/>
</testsuite> <!-- CarBookingTest -->
