<?xml version="1.0" encoding="UTF-8"?>
<!-- Generated by org.testng.reporters.JUnitReportReporter -->
<testsuite skipped="0" hostname="DESKTOP-1AOJSSB" name="FeaturedToursAndCarsBookingTest" tests="1" failures="0" timestamp="19 Aug 2019 16:31:47 GMT" time="71.286" errors="0">
  <testcase name="successfulFeaturedCarBookingTest" time="71.286" classname="FeaturedToursAndCarsBookingTest"/>
</testsuite> <!-- FeaturedToursAndCarsBookingTest -->
