<?xml version="1.0" encoding="UTF-8"?>
<!-- Generated by org.testng.reporters.JUnitReportReporter -->
<testsuite skipped="0" hostname="DESKTOP-1AOJSSB" name="CarBookingTest" tests="1" failures="0" timestamp="20 Aug 2019 07:25:42 GMT" time="67.500" errors="0">
  <testcase name="unsuccessfulCarsBookingTest" time="67.500" classname="CarBookingTest"/>
</testsuite> <!-- CarBookingTest -->
