<?xml version="1.0" encoding="UTF-8"?>
<!-- Generated by org.testng.reporters.JUnitReportReporter -->
<testsuite skipped="0" hostname="DESKTOP-1AOJSSB" name="HomePageNavigationTest" tests="2" failures="0" timestamp="11 Aug 2019 05:31:36 GMT" time="70.497" errors="0">
  <testcase name="homePageBlogsTest" time="42.523" classname="HomePageNavigationTest"/>
  <testcase name="homePageOfferTest" time="27.974" classname="HomePageNavigationTest"/>
</testsuite> <!-- HomePageNavigationTest -->
