<?xml version="1.0" encoding="UTF-8"?>
<!-- Generated by org.testng.reporters.JUnitReportReporter -->
<testsuite skipped="0" hostname="DESKTOP-1AOJSSB" name="LoginTest" tests="2" failures="0" timestamp="20 Aug 2019 09:42:41 GMT" time="70.466" errors="0">
  <testcase name="loginFailedTest" time="34.108" classname="LoginTest"/>
  <testcase name="loginSuccessTest" time="36.358" classname="LoginTest"/>
</testsuite> <!-- LoginTest -->
