<?xml version="1.0" encoding="UTF-8"?>
<!-- Generated by org.testng.reporters.JUnitReportReporter -->
<testsuite skipped="0" hostname="DESKTOP-1AOJSSB" name="TourBookingTest" tests="2" failures="0" timestamp="10 Aug 2019 11:11:03 GMT" time="147.655" errors="0">
  <testcase name="successfulTourBookingTest" time="83.440" classname="TourBookingTest"/>
  <testcase name="unsuccessfulTourBookingTest" time="64.215" classname="TourBookingTest"/>
</testsuite> <!-- TourBookingTest -->
