<?xml version="1.0" encoding="UTF-8"?>
<!-- Generated by org.testng.reporters.JUnitReportReporter -->
<testsuite skipped="0" hostname="DESKTOP-1AOJSSB" name="SignupTest" tests="3" failures="0" timestamp="10 Aug 2019 11:20:30 GMT" time="82.641" errors="0">
  <testcase name="invalidNameSignupFailedTest" time="26.502" classname="SignupTest"/>
  <testcase name="invalidEmailSignupFailedTest" time="28.148" classname="SignupTest"/>
  <testcase name="signupSuccessTest" time="27.991" classname="SignupTest"/>
</testsuite> <!-- SignupTest -->
