<?xml version="1.0" encoding="UTF-8"?>
<!-- Generated by org.testng.reporters.JUnitReportReporter -->
<testsuite skipped="0" hostname="DESKTOP-1AOJSSB" name="CarBookingTest" tests="2" failures="0" timestamp="10 Aug 2019 18:04:19 GMT" time="153.104" errors="0">
  <testcase name="successfulCarsBookingTest" time="83.116" classname="CarBookingTest"/>
  <testcase name="unsuccessfulCarsBookingTest" time="69.988" classname="CarBookingTest"/>
</testsuite> <!-- CarBookingTest -->
