<?xml version="1.0" encoding="UTF-8"?>
<!-- Generated by org.testng.reporters.JUnitReportReporter -->
<testsuite skipped="0" hostname="DESKTOP-1AOJSSB" name="LoginTest" tests="2" failures="0" timestamp="10 Aug 2019 11:18:46 GMT" time="51.609" errors="0">
  <testcase name="loginFailedTest" time="26.593" classname="LoginTest"/>
  <testcase name="loginSuccessTest" time="25.016" classname="LoginTest"/>
</testsuite> <!-- LoginTest -->
