<?xml version="1.0" encoding="UTF-8"?>
<!-- Generated by org.testng.reporters.JUnitReportReporter -->
<testsuite skipped="0" hostname="DESKTOP-1AOJSSB" name="SignupTest" tests="3" failures="0" timestamp="20 Aug 2019 09:45:24 GMT" time="113.352" errors="0">
  <testcase name="invalidNameSignupFailedTest" time="36.312" classname="SignupTest"/>
  <testcase name="invalidEmailSignupFailedTest" time="36.720" classname="SignupTest"/>
  <testcase name="signupSuccessTest" time="40.320" classname="SignupTest"/>
</testsuite> <!-- SignupTest -->
