<?xml version="1.0" encoding="UTF-8"?>
<!-- Generated by org.testng.reporters.JUnitReportReporter -->
<testsuite skipped="0" hostname="DESKTOP-1AOJSSB" name="FeaturedToursAndCarsBookingTest" tests="4" failures="0" timestamp="19 Aug 2019 18:15:19 GMT" time="297.493" errors="0">
  <testcase name="successfulFeaturedTourBookingTest" time="96.017" classname="FeaturedToursAndCarsBookingTest"/>
  <testcase name="successfulTourReviewTest" time="46.076" classname="FeaturedToursAndCarsBookingTest"/>
  <testcase name="unsuccessfulTourReviewTest" time="46.876" classname="FeaturedToursAndCarsBookingTest"/>
  <testcase name="successfulFeaturedCarBookingTest" time="108.524" classname="FeaturedToursAndCarsBookingTest"/>
</testsuite> <!-- FeaturedToursAndCarsBookingTest -->
