<?xml version="1.0" encoding="UTF-8"?>
<!-- Generated by org.testng.reporters.JUnitReportReporter -->
<testsuite skipped="0" hostname="DESKTOP-1AOJSSB" name="FeaturedToursAndCarsBookingTest" tests="1" failures="0" timestamp="19 Aug 2019 17:30:42 GMT" time="75.993" errors="0">
  <testcase name="successfulFeaturedTourBookingTest" time="75.993" classname="FeaturedToursAndCarsBookingTest"/>
</testsuite> <!-- FeaturedToursAndCarsBookingTest -->
