<?xml version="1.0" encoding="UTF-8"?>
<!-- Generated by org.testng.reporters.JUnitReportReporter -->
<testsuite skipped="0" hostname="DESKTOP-1AOJSSB" name="SignupTest" tests="1" failures="0" timestamp="09 Aug 2019 10:58:25 GMT" time="28.460" errors="0">
  <testcase name="invalidEmailSignupFailedTest" time="28.460" classname="SignupTest"/>
</testsuite> <!-- SignupTest -->
