<?xml version="1.0" encoding="UTF-8"?>
<!-- Generated by org.testng.reporters.JUnitReportReporter -->
<testsuite skipped="0" hostname="DESKTOP-1AOJSSB" name="FooterNavigationTest" tests="1" failures="0" timestamp="12 Aug 2019 16:25:00 GMT" time="28.742" errors="0">
  <testcase name="faqTest" time="28.742" classname="FooterNavigationTest"/>
</testsuite> <!-- FooterNavigationTest -->
