<?xml version="1.0" encoding="UTF-8"?>
<!-- Generated by org.testng.reporters.JUnitReportReporter -->
<testsuite skipped="0" hostname="DESKTOP-1AOJSSB" name="LoginTest" tests="1" failures="0" timestamp="08 Aug 2019 13:53:38 GMT" time="30.365" errors="0">
  <testcase name="loginFailedTest" time="30.365" classname="LoginTest"/>
</testsuite> <!-- LoginTest -->
