<?xml version="1.0" encoding="UTF-8"?>
<!-- Generated by org.testng.reporters.JUnitReportReporter -->
<testsuite skipped="0" hostname="DESKTOP-1AOJSSB" name="CarBookingTest" tests="1" failures="0" timestamp="10 Aug 2019 17:53:04 GMT" time="78.592" errors="0">
  <testcase name="successfulCarsBookingTest" time="78.592" classname="CarBookingTest"/>
</testsuite> <!-- CarBookingTest -->
