<?xml version="1.0" encoding="UTF-8"?>
<!-- Generated by org.testng.reporters.JUnitReportReporter -->
<testsuite skipped="0" hostname="DESKTOP-1AOJSSB" name="FooterNavigationTest" tests="1" failures="0" timestamp="12 Aug 2019 18:03:22 GMT" time="32.577" errors="0">
  <testcase name="newslatterSubscriptionSuccessTest" time="32.577" classname="FooterNavigationTest"/>
</testsuite> <!-- FooterNavigationTest -->
