<?xml version="1.0" encoding="UTF-8"?>
<!-- Generated by org.testng.reporters.JUnitReportReporter -->
<testsuite skipped="0" hostname="DESKTOP-1AOJSSB" name="SignupTest" tests="3" failures="0" timestamp="09 Aug 2019 11:24:13 GMT" time="79.867" errors="0">
  <testcase name="invalidNameSignupFailedTest" time="28.579" classname="SignupTest"/>
  <testcase name="invalidEmailSignupFailedTest" time="25.118" classname="SignupTest"/>
  <testcase name="signupSuccessTest" time="26.170" classname="SignupTest"/>
</testsuite> <!-- SignupTest -->
