<?xml version="1.0" encoding="UTF-8"?>
<!-- Generated by org.testng.reporters.JUnitReportReporter -->
<testsuite skipped="0" hostname="DESKTOP-1AOJSSB" name="LoginTest" tests="1" failures="0" timestamp="18 Aug 2019 11:08:37 GMT" time="42.126" errors="0">
  <testcase name="loginSuccessTest" time="42.126" classname="LoginTest"/>
</testsuite> <!-- LoginTest -->
