<?xml version="1.0" encoding="UTF-8"?>
<!-- Generated by org.testng.reporters.JUnitReportReporter -->
<testsuite skipped="0" hostname="DESKTOP-1AOJSSB" name="CarBookingTest" tests="2" failures="0" timestamp="17 Aug 2019 15:27:38 GMT" time="125.176" errors="0">
  <testcase name="successfulCarsBookingTest" time="65.955" classname="CarBookingTest"/>
  <testcase name="unsuccessfulCarsBookingTest" time="59.221" classname="CarBookingTest"/>
</testsuite> <!-- CarBookingTest -->
