<?xml version="1.0" encoding="UTF-8"?>
<!-- Generated by org.testng.reporters.JUnitReportReporter -->
<testsuite skipped="0" hostname="DESKTOP-1AOJSSB" name="LoginTest" tests="1" failures="0" timestamp="08 Aug 2019 14:12:17 GMT" time="28.220" errors="0">
  <testcase name="loginSuccessTest" time="28.220" classname="LoginTest"/>
</testsuite> <!-- LoginTest -->
