<?xml version="1.0" encoding="UTF-8"?>
<!-- Generated by org.testng.reporters.JUnitReportReporter -->
<testsuite skipped="0" hostname="DESKTOP-1AOJSSB" name="FooterNavigationTest" tests="1" failures="0" timestamp="12 Aug 2019 12:44:57 GMT" time="27.271" errors="0">
  <testcase name="howToBookTest" time="27.271" classname="FooterNavigationTest"/>
</testsuite> <!-- FooterNavigationTest -->
