<?xml version="1.0" encoding="UTF-8"?>
<!-- Generated by org.testng.reporters.JUnitReportReporter -->
<testsuite skipped="0" hostname="DESKTOP-1AOJSSB" name="BlogsAndOffersNavigationTest" tests="1" failures="0" timestamp="11 Aug 2019 06:12:47 GMT" time="44.062" errors="0">
  <testcase name="blogsNavigation" time="44.062" classname="BlogsAndOffersNavigationTest"/>
</testsuite> <!-- BlogsAndOffersNavigationTest -->
