<?xml version="1.0" encoding="UTF-8"?>
<!-- Generated by org.testng.reporters.JUnitReportReporter -->
<testsuite skipped="0" hostname="DESKTOP-1AOJSSB" name="TourBookingTest" tests="2" failures="0" timestamp="20 Aug 2019 09:58:12 GMT" time="222.094" errors="0">
  <testcase name="successfulTourBookingTest" time="126.252" classname="TourBookingTest"/>
  <testcase name="unsuccessfulTourBookingTest" time="95.842" classname="TourBookingTest"/>
</testsuite> <!-- TourBookingTest -->
