<?xml version="1.0" encoding="UTF-8"?>
<!-- Generated by org.testng.reporters.JUnitReportReporter -->
<testsuite skipped="0" hostname="DESKTOP-1AOJSSB" name="HomePageNavigationTest" tests="1" failures="0" timestamp="11 Aug 2019 05:18:52 GMT" time="39.905" errors="0">
  <testcase name="homePageBlogsTest" time="39.905" classname="HomePageNavigationTest"/>
</testsuite> <!-- HomePageNavigationTest -->
