<?xml version="1.0" encoding="UTF-8"?>
<!-- Generated by org.testng.reporters.JUnitReportReporter -->
<testsuite skipped="0" hostname="DESKTOP-1AOJSSB" name="BlogsAndOffersNavigationTest" tests="1" failures="0" timestamp="17 Aug 2019 15:35:00 GMT" time="43.817" errors="0">
  <testcase name="blogsNavigationTest" time="43.817" classname="BlogsAndOffersNavigationTest"/>
</testsuite> <!-- BlogsAndOffersNavigationTest -->
