<?xml version="1.0" encoding="UTF-8"?>
<!-- Generated by org.testng.reporters.JUnitReportReporter -->
<testsuite skipped="0" hostname="DESKTOP-1AOJSSB" name="FeaturedToursAndCarsBookingTest" tests="1" failures="0" timestamp="19 Aug 2019 15:05:49 GMT" time="46.033" errors="0">
  <testcase name="successfulTourReviewTest" time="46.033" classname="FeaturedToursAndCarsBookingTest"/>
</testsuite> <!-- FeaturedToursAndCarsBookingTest -->
