<?xml version="1.0" encoding="UTF-8"?>
<!-- Generated by org.testng.reporters.JUnitReportReporter -->
<testsuite skipped="0" hostname="DESKTOP-1AOJSSB" name="TourBookingTest" tests="1" failures="0" timestamp="10 Aug 2019 06:55:09 GMT" time="74.727" errors="0">
  <testcase name="successfulTourBookingTest" time="74.727" classname="TourBookingTest"/>
</testsuite> <!-- TourBookingTest -->
