<?xml version="1.0" encoding="UTF-8"?>
<!-- Generated by org.testng.reporters.JUnitReportReporter -->
<testsuite skipped="0" hostname="DESKTOP-1AOJSSB" name="TourBookingTest" tests="2" failures="0" timestamp="10 Aug 2019 18:19:10 GMT" time="137.677" errors="0">
  <testcase name="successfulTourBookingTest" time="77.599" classname="TourBookingTest"/>
  <testcase name="unsuccessfulTourBookingTest" time="60.078" classname="TourBookingTest"/>
</testsuite> <!-- TourBookingTest -->
