<?xml version="1.0" encoding="UTF-8"?>
<!-- Generated by org.testng.reporters.JUnitReportReporter -->
<testsuite skipped="0" hostname="DESKTOP-1AOJSSB" name="FooterNavigationTest" tests="1" failures="0" timestamp="12 Aug 2019 12:48:29 GMT" time="28.816" errors="0">
  <testcase name="bookingTipsTest" time="28.816" classname="FooterNavigationTest"/>
</testsuite> <!-- FooterNavigationTest -->
