<?xml version="1.0" encoding="UTF-8"?>
<!-- Generated by org.testng.reporters.JUnitReportReporter -->
<testsuite skipped="0" hostname="DESKTOP-1AOJSSB" name="FeaturedToursAndCarsBookingTest" tests="1" failures="0" timestamp="19 Aug 2019 15:34:34 GMT" time="48.434" errors="0">
  <testcase name="unsuccessfulTourReviewTest" time="48.434" classname="FeaturedToursAndCarsBookingTest"/>
</testsuite> <!-- FeaturedToursAndCarsBookingTest -->
