<?xml version="1.0" encoding="UTF-8"?>
<!-- Generated by org.testng.reporters.JUnitReportReporter -->
<testsuite skipped="0" hostname="DESKTOP-1AOJSSB" name="TourBookingTest" tests="2" failures="0" timestamp="10 Aug 2019 11:23:06 GMT" time="133.087" errors="0">
  <testcase name="successfulTourBookingTest" time="70.116" classname="TourBookingTest"/>
  <testcase name="unsuccessfulTourBookingTest" time="62.971" classname="TourBookingTest"/>
</testsuite> <!-- TourBookingTest -->
