<?xml version="1.0" encoding="UTF-8"?>
<!-- Generated by org.testng.reporters.JUnitReportReporter -->
<testsuite skipped="0" hostname="DESKTOP-1AOJSSB" name="HomePageNavigation" tests="1" failures="0" timestamp="10 Aug 2019 19:17:11 GMT" time="36.600" errors="0">
  <testcase name="homePageBlogsTest" time="36.600" classname="HomePageNavigation"/>
</testsuite> <!-- HomePageNavigation -->
