<?xml version="1.0" encoding="UTF-8"?>
<!-- Generated by org.testng.reporters.JUnitReportReporter -->
<testsuite skipped="0" hostname="DESKTOP-1AOJSSB" name="HotelBookingTest" tests="1" failures="0" timestamp="09 Aug 2019 18:01:34 GMT" time="73.093" errors="0">
  <testcase name="hotelBookingTest" time="73.093" classname="HotelBookingTest"/>
</testsuite> <!-- HotelBookingTest -->
